This is pdfTeX, Version 3.14159265-2.6-1.40.19 (TeX Live 2018) (preloaded format=pdflatex 2018.4.16)  9 OCT 2018 12:31
entering extended mode
 restricted \write18 enabled.
 %&-line parsing enabled.
**/Users/mendonca/scm/mendoncaj-curricum-vitae/jefferson.mendonca_2.tex
(/Users/mendonca/scm/mendoncaj-curricum-vitae/jefferson.mendonca_2.tex
LaTeX2e <2018-04-01> patch level 2
Babel <3.18> and hyphenation patterns for 84 language(s) loaded.
(./moderncv.cls
Document Class: moderncv 2010/08/03 v0.12 modern curriculum vitae document clas
s
(/usr/local/texlive/2018/texmf-dist/tex/latex/base/size11.clo
File: size11.clo 2014/09/29 v1.4h Standard LaTeX file (size option)
)
(/usr/local/texlive/2018/texmf-dist/tex/latex/etoolbox/etoolbox.sty
Package: etoolbox 2018/02/11 v2.5e e-TeX tools for LaTeX (JAW)
\etb@tempcnta=\count80
)
(/usr/local/texlive/2018/texmf-dist/tex/latex/base/ifthen.sty
Package: ifthen 2014/09/29 v1.1c Standard LaTeX ifthen package (DPC)
)
(/usr/local/texlive/2018/texmf-dist/tex/latex/graphics/color.sty
Package: color 2016/07/10 v1.1e Standard LaTeX Color (DPC)

(/usr/local/texlive/2018/texmf-dist/tex/latex/graphics-cfg/color.cfg
File: color.cfg 2016/01/02 v1.6 sample color configuration
)
Package color Info: Driver file: pdftex.def on input line 147.

(/usr/local/texlive/2018/texmf-dist/tex/latex/graphics-def/pdftex.def
File: pdftex.def 2018/01/08 v1.0l Graphics/color driver for pdftex
))
(/usr/local/texlive/2018/texmf-dist/tex/latex/base/fontenc.sty
Package: fontenc 2017/04/05 v2.0i Standard LaTeX package

(/usr/local/texlive/2018/texmf-dist/tex/latex/base/t1enc.def
File: t1enc.def 2017/04/05 v2.0i Standard LaTeX file
LaTeX Font Info:    Redeclaring font encoding T1 on input line 48.
))
(/usr/local/texlive/2018/texmf-dist/tex/latex/lm/lmodern.sty
Package: lmodern 2009/10/30 v1.6 Latin Modern Fonts
LaTeX Font Info:    Overwriting symbol font `operators' in version `normal'
(Font)                  OT1/cmr/m/n --> OT1/lmr/m/n on input line 22.
LaTeX Font Info:    Overwriting symbol font `letters' in version `normal'
(Font)                  OML/cmm/m/it --> OML/lmm/m/it on input line 23.
LaTeX Font Info:    Overwriting symbol font `symbols' in version `normal'
(Font)                  OMS/cmsy/m/n --> OMS/lmsy/m/n on input line 24.
LaTeX Font Info:    Overwriting symbol font `largesymbols' in version `normal'
(Font)                  OMX/cmex/m/n --> OMX/lmex/m/n on input line 25.
LaTeX Font Info:    Overwriting symbol font `operators' in version `bold'
(Font)                  OT1/cmr/bx/n --> OT1/lmr/bx/n on input line 26.
LaTeX Font Info:    Overwriting symbol font `letters' in version `bold'
(Font)                  OML/cmm/b/it --> OML/lmm/b/it on input line 27.
LaTeX Font Info:    Overwriting symbol font `symbols' in version `bold'
(Font)                  OMS/cmsy/b/n --> OMS/lmsy/b/n on input line 28.
LaTeX Font Info:    Overwriting symbol font `largesymbols' in version `bold'
(Font)                  OMX/cmex/m/n --> OMX/lmex/m/n on input line 29.
LaTeX Font Info:    Overwriting math alphabet `\mathbf' in version `normal'
(Font)                  OT1/cmr/bx/n --> OT1/lmr/bx/n on input line 31.
LaTeX Font Info:    Overwriting math alphabet `\mathsf' in version `normal'
(Font)                  OT1/cmss/m/n --> OT1/lmss/m/n on input line 32.
LaTeX Font Info:    Overwriting math alphabet `\mathit' in version `normal'
(Font)                  OT1/cmr/m/it --> OT1/lmr/m/it on input line 33.
LaTeX Font Info:    Overwriting math alphabet `\mathtt' in version `normal'
(Font)                  OT1/cmtt/m/n --> OT1/lmtt/m/n on input line 34.
LaTeX Font Info:    Overwriting math alphabet `\mathbf' in version `bold'
(Font)                  OT1/cmr/bx/n --> OT1/lmr/bx/n on input line 35.
LaTeX Font Info:    Overwriting math alphabet `\mathsf' in version `bold'
(Font)                  OT1/cmss/bx/n --> OT1/lmss/bx/n on input line 36.
LaTeX Font Info:    Overwriting math alphabet `\mathit' in version `bold'
(Font)                  OT1/cmr/bx/it --> OT1/lmr/bx/it on input line 37.
LaTeX Font Info:    Overwriting math alphabet `\mathtt' in version `bold'
(Font)                  OT1/cmtt/m/n --> OT1/lmtt/m/n on input line 38.
)
(/usr/local/texlive/2018/texmf-dist/tex/latex/marvosym/marvosym.sty
Package: marvosym 2011/07/20 v2.2 Martin Vogel's Symbols font definitions
)
(/usr/local/texlive/2018/texmf-dist/tex/latex/url/url.sty
\Urlmuskip=\muskip10
Package: url 2013/09/16  ver 3.4  Verb mode for urls, etc.
)
(/usr/local/texlive/2018/texmf-dist/tex/latex/graphics/graphicx.sty
Package: graphicx 2017/06/01 v1.1a Enhanced LaTeX Graphics (DPC,SPQR)

(/usr/local/texlive/2018/texmf-dist/tex/latex/graphics/keyval.sty
Package: keyval 2014/10/28 v1.15 key=value parser (DPC)
\KV@toks@=\toks14
)
(/usr/local/texlive/2018/texmf-dist/tex/latex/graphics/graphics.sty
Package: graphics 2017/06/25 v1.2c Standard LaTeX Graphics (DPC,SPQR)

(/usr/local/texlive/2018/texmf-dist/tex/latex/graphics/trig.sty
Package: trig 2016/01/03 v1.10 sin cos tan (DPC)
)
(/usr/local/texlive/2018/texmf-dist/tex/latex/graphics-cfg/graphics.cfg
File: graphics.cfg 2016/06/04 v1.11 sample graphics configuration
)
Package graphics Info: Driver file: pdftex.def on input line 99.
)
\Gin@req@height=\dimen102
\Gin@req@width=\dimen103
)
(/usr/local/texlive/2018/texmf-dist/tex/latex/fancyhdr/fancyhdr.sty
Package: fancyhdr 2017/06/30 v3.9a Extensive control of page headers and footer
s
\f@nch@headwidth=\skip41
\f@nch@O@elh=\skip42
\f@nch@O@erh=\skip43
\f@nch@O@olh=\skip44
\f@nch@O@orh=\skip45
\f@nch@O@elf=\skip46
\f@nch@O@erf=\skip47
\f@nch@O@olf=\skip48
\f@nch@O@orf=\skip49
)
(./moderncvcompatibility.sty
Package: moderncvcompatibility 2010/08/03 v0.12 modern curriculum vitae compati
bility patches
)
\quotewidth=\skip50
\hintscolumnwidth=\skip51
\separatorcolumnwidth=\skip52
\maincolumnwidth=\skip53
\doubleitemmaincolumnwidth=\skip54
\listitemsymbolwidth=\skip55
LaTeX Font Info:    Try loading font information for U+mvs on input line 279.

(/usr/local/texlive/2018/texmf-dist/tex/latex/marvosym/umvs.fd)
\listitemmaincolumnwidth=\skip56
\listdoubleitemmaincolumnwidth=\skip57
\bibindent=\skip58

(./tweaklist.sty))
(/usr/local/texlive/2018/texmf-dist/tex/latex/base/inputenc.sty
Package: inputenc 2018/04/06 v1.3b Input encoding file
\inpenc@prehook=\toks15
\inpenc@posthook=\toks16

(/usr/local/texlive/2018/texmf-dist/tex/latex/base/latin1.def
File: latin1.def 2018/04/06 v1.3b Input encoding file
))
(/usr/local/texlive/2018/texmf-dist/tex/latex/geometry/geometry.sty
Package: geometry 2018/03/24 v5.7 Page Geometry

(/usr/local/texlive/2018/texmf-dist/tex/generic/oberdiek/ifpdf.sty
Package: ifpdf 2017/03/15 v3.2 Provides the ifpdf switch
)
(/usr/local/texlive/2018/texmf-dist/tex/generic/oberdiek/ifvtex.sty
Package: ifvtex 2016/05/16 v1.6 Detect VTeX and its facilities (HO)
Package ifvtex Info: VTeX not detected.
)
(/usr/local/texlive/2018/texmf-dist/tex/generic/ifxetex/ifxetex.sty
Package: ifxetex 2010/09/12 v0.6 Provides ifxetex conditional
)
\Gm@cnth=\count81
\Gm@cntv=\count82
\c@Gm@tempcnt=\count83
\Gm@bindingoffset=\dimen104
\Gm@wd@mp=\dimen105
\Gm@odd@mp=\dimen106
\Gm@even@mp=\dimen107
\Gm@layoutwidth=\dimen108
\Gm@layoutheight=\dimen109
\Gm@layouthoffset=\dimen110
\Gm@layoutvoffset=\dimen111
\Gm@dimlist=\toks17
)
(/usr/local/texlive/2018/texmf-dist/tex/latex/datenumber/datenumber.sty
Package: datenumber 2001/08/06v0.02

(/usr/local/texlive/2018/texmf-dist/tex/latex/datenumber/datenumberUSenglish.ld
f
File: datenumberUSenglish.ldf 
)
\c@@dayscnt=\count84
\c@@startyear=\count85
\c@datenumber=\count86
\c@dateyear=\count87
\c@datemonth=\count88
\c@dateday=\count89
\c@datedayname=\count90
\@nom=\count91
\@den=\count92
) (/usr/local/texlive/2018/texmf-dist/tex/latex/fp/fp.sty
Package: fp 1995/04/02

`Fixed Point Package', Version 0.8, April 2, 1995 (C) Michael Mehlich
(/usr/local/texlive/2018/texmf-dist/tex/latex/fp/defpattern.sty
Package: defpattern 1994/10/12
\actioncount=\count93
)
(/usr/local/texlive/2018/texmf-dist/tex/latex/fp/fp-basic.sty
Package: fp-basic 1996/05/13
\FP@xs=\count94
\FP@xia=\count95
\FP@xib=\count96
\FP@xfa=\count97
\FP@xfb=\count98
\FP@rega=\count99
\FP@regb=\count100
\FP@regs=\count101
\FP@times=\count102
)
(/usr/local/texlive/2018/texmf-dist/tex/latex/fp/fp-addons.sty
Package: fp-addons 1995/03/15
)
(/usr/local/texlive/2018/texmf-dist/tex/latex/fp/fp-snap.sty
Package: fp-snap 1995/04/05
)
(/usr/local/texlive/2018/texmf-dist/tex/latex/fp/fp-exp.sty
Package: fp-exp 1995/04/03
)
(/usr/local/texlive/2018/texmf-dist/tex/latex/fp/fp-trigo.sty
Package: fp-trigo 1995/04/14
)
(/usr/local/texlive/2018/texmf-dist/tex/latex/fp/fp-pas.sty
Package: fp-pas 1994/08/29
)
(/usr/local/texlive/2018/texmf-dist/tex/latex/fp/fp-random.sty
Package: fp-random 1995/02/23
\FPseed=\count103
)
(/usr/local/texlive/2018/texmf-dist/tex/latex/fp/fp-eqn.sty
Package: fp-eqn 1995/04/03
)
(/usr/local/texlive/2018/texmf-dist/tex/latex/fp/fp-upn.sty
Package: fp-upn 1996/10/21
)
(/usr/local/texlive/2018/texmf-dist/tex/latex/fp/fp-eval.sty
Package: fp-eval 1995/04/03
))
(/usr/local/texlive/2018/texmf-dist/tex/latex/hyperref/hyperref.sty
Package: hyperref 2018/02/06 v6.86b Hypertext links for LaTeX

(/usr/local/texlive/2018/texmf-dist/tex/generic/oberdiek/hobsub-hyperref.sty
Package: hobsub-hyperref 2016/05/16 v1.14 Bundle oberdiek, subset hyperref (HO)


(/usr/local/texlive/2018/texmf-dist/tex/generic/oberdiek/hobsub-generic.sty
Package: hobsub-generic 2016/05/16 v1.14 Bundle oberdiek, subset generic (HO)
Package: hobsub 2016/05/16 v1.14 Construct package bundles (HO)
Package: infwarerr 2016/05/16 v1.4 Providing info/warning/error messages (HO)
Package: ltxcmds 2016/05/16 v1.23 LaTeX kernel commands for general use (HO)
Package: ifluatex 2016/05/16 v1.4 Provides the ifluatex switch (HO)
Package ifluatex Info: LuaTeX not detected.
Package hobsub Info: Skipping package `ifvtex' (already loaded).
Package: intcalc 2016/05/16 v1.2 Expandable calculations with integers (HO)
Package hobsub Info: Skipping package `ifpdf' (already loaded).
Package: etexcmds 2016/05/16 v1.6 Avoid name clashes with e-TeX commands (HO)
Package etexcmds Info: Could not find \expanded.
(etexcmds)             That can mean that you are not using pdfTeX 1.50 or
(etexcmds)             that some package has redefined \expanded.
(etexcmds)             In the latter case, load this package earlier.
Package: kvsetkeys 2016/05/16 v1.17 Key value parser (HO)
Package: kvdefinekeys 2016/05/16 v1.4 Define keys (HO)
Package: pdftexcmds 2018/01/30 v0.27 Utility functions of pdfTeX for LuaTeX (HO
)
Package pdftexcmds Info: LuaTeX not detected.
Package pdftexcmds Info: \pdf@primitive is available.
Package pdftexcmds Info: \pdf@ifprimitive is available.
Package pdftexcmds Info: \pdfdraftmode found.
Package: pdfescape 2016/05/16 v1.14 Implements pdfTeX's escape features (HO)
Package: bigintcalc 2016/05/16 v1.4 Expandable calculations on big integers (HO
)
Package: bitset 2016/05/16 v1.2 Handle bit-vector datatype (HO)
Package: uniquecounter 2016/05/16 v1.3 Provide unlimited unique counter (HO)
)
Package hobsub Info: Skipping package `hobsub' (already loaded).
Package: letltxmacro 2016/05/16 v1.5 Let assignment for LaTeX macros (HO)
Package: hopatch 2016/05/16 v1.3 Wrapper for package hooks (HO)
Package: xcolor-patch 2016/05/16 xcolor patch
Package: atveryend 2016/05/16 v1.9 Hooks at the very end of document (HO)
Package: atbegshi 2016/06/09 v1.18 At begin shipout hook (HO)
Package: refcount 2016/05/16 v3.5 Data extraction from label references (HO)
Package: hycolor 2016/05/16 v1.8 Color options for hyperref/bookmark (HO)
)
(/usr/local/texlive/2018/texmf-dist/tex/latex/oberdiek/auxhook.sty
Package: auxhook 2016/05/16 v1.4 Hooks for auxiliary files (HO)
)
(/usr/local/texlive/2018/texmf-dist/tex/latex/oberdiek/kvoptions.sty
Package: kvoptions 2016/05/16 v3.12 Key value format for package options (HO)
)
\@linkdim=\dimen112
\Hy@linkcounter=\count104
\Hy@pagecounter=\count105

(/usr/local/texlive/2018/texmf-dist/tex/latex/hyperref/pd1enc.def
File: pd1enc.def 2018/02/06 v6.86b Hyperref: PDFDocEncoding definition (HO)
Now handling font encoding PD1 ...
... no UTF-8 mapping file for font encoding PD1
)
\Hy@SavedSpaceFactor=\count106

(/usr/local/texlive/2018/texmf-dist/tex/latex/latexconfig/hyperref.cfg
File: hyperref.cfg 2002/06/06 v1.2 hyperref configuration of TeXLive
)
Package hyperref Info: Option `colorlinks' set `true' on input line 4383.
Package hyperref Info: Hyper figures OFF on input line 4509.
Package hyperref Info: Link nesting OFF on input line 4514.
Package hyperref Info: Hyper index ON on input line 4517.
Package hyperref Info: Plain pages OFF on input line 4524.
Package hyperref Info: Backreferencing OFF on input line 4529.
Package hyperref Info: Implicit mode ON; LaTeX internals redefined.
Package hyperref Info: Bookmarks ON on input line 4762.
\c@Hy@tempcnt=\count107
LaTeX Info: Redefining \url on input line 5115.
\XeTeXLinkMargin=\dimen113
\Fld@menulength=\count108
\Field@Width=\dimen114
\Fld@charsize=\dimen115
Package hyperref Info: Hyper figures OFF on input line 6369.
Package hyperref Info: Link nesting OFF on input line 6374.
Package hyperref Info: Hyper index ON on input line 6377.
Package hyperref Info: backreferencing OFF on input line 6384.
Package hyperref Info: Link coloring ON on input line 6387.
Package hyperref Info: Link coloring with OCG OFF on input line 6394.
Package hyperref Info: PDF/A mode OFF on input line 6399.
LaTeX Info: Redefining \ref on input line 6439.
LaTeX Info: Redefining \pageref on input line 6443.


Package hyperref Warning: Option `pdfpagelabels' is turned off
(hyperref)                because \thepage is undefined.

\c@Item=\count109
\c@Hfootnote=\count110
)
Package hyperref Info: Driver: hpdftex.
 (/usr/local/texlive/2018/texmf-dist/tex/latex/hyperref/hpdftex.def
File: hpdftex.def 2018/02/06 v6.86b Hyperref driver for pdfTeX
\Fld@listcount=\count111
\c@bookmark@seq@number=\count112

(/usr/local/texlive/2018/texmf-dist/tex/latex/oberdiek/rerunfilecheck.sty
Package: rerunfilecheck 2016/05/16 v1.8 Rerun checks for auxiliary files (HO)
Package uniquecounter Info: New unique counter `rerunfilecheck' on input line 2
82.
)
\Hy@SectionHShift=\skip59
)
(./moderncvthemeclassic.sty
Package: moderncvthemeclassic 2010/08/03 v0.12 modern curriculum vitae style: c
lassic
Package color Info: Redefining color firstnamecolor on input line 61.
Package color Info: Redefining color familynamecolor on input line 62.
Package color Info: Redefining color titlecolor on input line 63.
Package color Info: Redefining color quotecolor on input line 64.
Package color Info: Redefining color addresscolor on input line 66.
Package color Info: Redefining color sectionrectanglecolor on input line 67.
Package color Info: Redefining color sectiontitlecolor on input line 68.
Package color Info: Redefining color subsectioncolor on input line 69.
\maketitlenamemaxwidth=\skip60
\maketitlenamefullwidth=\skip61
LaTeX Font Info:    Try loading font information for T1+lmss on input line 112.


(/usr/local/texlive/2018/texmf-dist/tex/latex/lm/t1lmss.fd
File: t1lmss.fd 2009/10/30 v1.6 Font defs for Latin Modern
)
\maketitlenamewidth=\skip62
\maketitlepicturewidth=\skip63
\maketitledetailswidth=\skip64
)
(./jefferson.mendonca_2.aux)
\openout1 = `jefferson.mendonca_2.aux'.

LaTeX Font Info:    Checking defaults for OML/cmm/m/it on input line 46.
LaTeX Font Info:    ... okay on input line 46.
LaTeX Font Info:    Checking defaults for T1/cmr/m/n on input line 46.
LaTeX Font Info:    ... okay on input line 46.
LaTeX Font Info:    Checking defaults for OT1/cmr/m/n on input line 46.
LaTeX Font Info:    ... okay on input line 46.
LaTeX Font Info:    Checking defaults for OMS/cmsy/m/n on input line 46.
LaTeX Font Info:    ... okay on input line 46.
LaTeX Font Info:    Checking defaults for OMX/cmex/m/n on input line 46.
LaTeX Font Info:    ... okay on input line 46.
LaTeX Font Info:    Checking defaults for U/cmr/m/n on input line 46.
LaTeX Font Info:    ... okay on input line 46.
LaTeX Font Info:    Checking defaults for PD1/pdf/m/n on input line 46.
LaTeX Font Info:    ... okay on input line 46.
LaTeX Font Info:    Try loading font information for T1+lmr on input line 46.

(/usr/local/texlive/2018/texmf-dist/tex/latex/lm/t1lmr.fd
File: t1lmr.fd 2009/10/30 v1.6 Font defs for Latin Modern
)
(/usr/local/texlive/2018/texmf-dist/tex/context/base/mkii/supp-pdf.mkii
[Loading MPS to PDF converter (version 2006.09.02).]
\scratchcounter=\count113
\scratchdimen=\dimen116
\scratchbox=\box26
\nofMPsegments=\count114
\nofMParguments=\count115
\everyMPshowfont=\toks18
\MPscratchCnt=\count116
\MPscratchDim=\dimen117
\MPnumerator=\count117
\makeMPintoPDFobject=\count118
\everyMPtoPDFconversion=\toks19
) (/usr/local/texlive/2018/texmf-dist/tex/latex/oberdiek/epstopdf-base.sty
Package: epstopdf-base 2016/05/15 v2.6 Base part for package epstopdf

(/usr/local/texlive/2018/texmf-dist/tex/latex/oberdiek/grfext.sty
Package: grfext 2016/05/16 v1.2 Manage graphics extensions (HO)
)
Package epstopdf-base Info: Redefining graphics rule for `.eps' on input line 4
38.
Package grfext Info: Graphics extension search list:
(grfext)             [.pdf,.png,.jpg,.mps,.jpeg,.jbig2,.jb2,.PDF,.PNG,.JPG,.JPE
G,.JBIG2,.JB2,.eps]
(grfext)             \AppendGraphicsExtensions on input line 456.

(/usr/local/texlive/2018/texmf-dist/tex/latex/latexconfig/epstopdf-sys.cfg
File: epstopdf-sys.cfg 2010/07/13 v1.3 Configuration of (r)epstopdf for TeX Liv
e
))
*geometry* driver: auto-detecting
*geometry* detected driver: pdftex
*geometry* verbose mode - [ preamble ] result:
* driver: pdftex
* paper: a4paper
* layout: <same size as paper>
* layoutoffset:(h,v)=(0.0pt,0.0pt)
* modes: 
* h-part:(L,W,R)=(59.74988pt, 478.00812pt, 59.74988pt)
* v-part:(T,H,B)=(67.60269pt, 676.04005pt, 101.4041pt)
* \paperwidth=597.50787pt
* \paperheight=845.04684pt
* \textwidth=478.00812pt
* \textheight=676.04005pt
* \oddsidemargin=-12.52011pt
* \evensidemargin=-12.52011pt
* \topmargin=-41.6673pt
* \headheight=12.0pt
* \headsep=25.0pt
* \topskip=11.0pt
* \footskip=30.0pt
* \marginparwidth=40.0pt
* \marginparsep=5.0pt
* \columnsep=10.0pt
* \skip\footins=10.0pt plus 4.0pt minus 2.0pt
* \hoffset=0.0pt
* \voffset=0.0pt
* \mag=1000
* \@twocolumnfalse
* \@twosidefalse
* \@mparswitchfalse
* \@reversemarginfalse
* (1in=72.27pt=25.4mm, 1cm=28.453pt)

\AtBeginShipoutBox=\box27
Package hyperref Info: Link coloring ON on input line 46.
(/usr/local/texlive/2018/texmf-dist/tex/latex/hyperref/nameref.sty
Package: nameref 2016/05/21 v2.44 Cross-referencing by name of section

(/usr/local/texlive/2018/texmf-dist/tex/generic/oberdiek/gettitlestring.sty
Package: gettitlestring 2016/05/16 v1.5 Cleanup title references (HO)
)
\c@section@level=\count119
)
LaTeX Info: Redefining \ref on input line 46.
LaTeX Info: Redefining \pageref on input line 46.
LaTeX Info: Redefining \nameref on input line 46.

(./jefferson.mendonca_2.out) (./jefferson.mendonca_2.out)
\@outlinefile=\write3
\openout3 = `jefferson.mendonca_2.out'.

Package hyperref Info: Option `breaklinks' set `true' on input line 46.


Package hyperref Warning: Option `baseurl' has already been used,
(hyperref)                setting the option has no effect on input line 46.


Package hyperref Warning: Option `pdfpagemode' has already been used,
(hyperref)                setting the option has no effect on input line 46.


Package hyperref Warning: Option `pdfstartpage' has already been used,
(hyperref)                setting the option has no effect on input line 46.

Package hyperref Info: Option `bookmarksopen' set `true' on input line 46.
LaTeX Font Info:    Try loading font information for OT1+lmr on input line 48.
(/usr/local/texlive/2018/texmf-dist/tex/latex/lm/ot1lmr.fd
File: ot1lmr.fd 2009/10/30 v1.6 Font defs for Latin Modern
)
LaTeX Font Info:    Try loading font information for OML+lmm on input line 48.

(/usr/local/texlive/2018/texmf-dist/tex/latex/lm/omllmm.fd
File: omllmm.fd 2009/10/30 v1.6 Font defs for Latin Modern
)
LaTeX Font Info:    Try loading font information for OMS+lmsy on input line 48.


(/usr/local/texlive/2018/texmf-dist/tex/latex/lm/omslmsy.fd
File: omslmsy.fd 2009/10/30 v1.6 Font defs for Latin Modern
)
LaTeX Font Info:    Try loading font information for OMX+lmex on input line 48.


(/usr/local/texlive/2018/texmf-dist/tex/latex/lm/omxlmex.fd
File: omxlmex.fd 2009/10/30 v1.6 Font defs for Latin Modern
)
LaTeX Font Info:    External font `lmex10' loaded for size
(Font)              <10.95> on input line 48.
LaTeX Font Info:    External font `lmex10' loaded for size
(Font)              <8> on input line 48.
LaTeX Font Info:    External font `lmex10' loaded for size
(Font)              <6> on input line 48.
<linkedin.pdf, id=5, 34.22687pt x 34.3975pt>
File: linkedin.pdf Graphic file (type pdf)
<use linkedin.pdf>
Package pdftex.def Info: linkedin.pdf  used on input line 48.
(pdftex.def)             Requested size: 8.95517pt x 9.0pt.
LaTeX Font Info:    External font `lmex10' loaded for size
(Font)              <12> on input line 48.

Underfull \hbox (badness 10000) in paragraph at lines 53--57

 []

LaTeX Font Info:    External font `lmex10' loaded for size
(Font)              <14.4> on input line 58.
LaTeX Font Info:    External font `lmex10' loaded for size
(Font)              <10> on input line 58.
LaTeX Font Info:    External font `lmex10' loaded for size
(Font)              <7> on input line 58.
LaTeX Font Info:    Try loading font information for OMS+lmss on input line 59.

LaTeX Font Info:    No file OMSlmss.fd. on input line 59.

LaTeX Font Warning: Font shape `OMS/lmss/bx/n' undefined
(Font)              using `OMS/cmsy/m/n' instead on input line 59.


Underfull \hbox (badness 10000) in paragraph at lines 59--60

 []


Underfull \hbox (badness 10000) in paragraph at lines 61--62

 []


Underfull \hbox (badness 10000) in paragraph at lines 64--65

 []

! Missing $ inserted.
<inserted text> 
                $
l.69 ... de desenvolvimento da Cardif no México.}
                                                  
? 
! Emergency stop.
<inserted text> 
                $
l.69 ... de desenvolvimento da Cardif no México.}
                                                  
End of file on the terminal!

 
Here is how much of TeX's memory you used:
 7408 strings out of 492649
 105647 string characters out of 6129622
 219122 words of memory out of 5000000
 11146 multiletter control sequences out of 15000+600000
 78895 words of font info for 57 fonts, out of 8000000 for 9000
 1141 hyphenation exceptions out of 8191
 32i,13n,45p,854b,279s stack positions out of 5000i,500n,10000p,200000b,80000s
!  ==> Fatal error occurred, no output PDF file produced!
,854b,279s stack positions out of 5000i,500n,10000p,200000b,80000s
!  ==> Fatal error occurred, no output PDF file produced!
t of 8000000 for 9000
 1141 hyphenation exceptions out of 8191
 32i,13n,45p,854b,279s stack positions out of 5000i,500n,10000p,200000b,80000s
!  ==> Fatal error occurred, no output PDF file produced!
 in paragraph at lines 137--137
[]\T1/lmss/m/n/10 Elastic BeansTalk, EC2, RDS,
 []


Underfull \hbox (badness 10000) in paragraph at lines 143--143
[]\T1/lmss/m/n/10 JavaScript, JQuery, An-gu-lar.js,
 []


Underfull \hbox (badness 10000) in paragraph at lines 125--145

 []

[3]
Package atveryend Info: Empty hook `BeforeClearDocument' on input line 156.
 [4]
Package atveryend Info: Empty hook `AfterLastShipout' on input line 156.
 (./jefferson.mendonca_2.aux)
Package atveryend Info: Empty hook `AtVeryEndDocument' on input line 156.
Package atveryend Info: Executing hook `AtEndAfterFileList' on input line 156.
Package rerunfilecheck Info: File `jefferson.mendonca_2.out' has not changed.
(rerunfilecheck)             Checksum: 3CDE2CFD44C3C9354EC7701FFE165AE7;479.
 ) 
Here is how much of TeX's memory you used:
 7386 strings out of 492649
 105208 string characters out of 6129622
 225221 words of memory out of 5000000
 11119 multiletter control sequences out of 15000+600000
 58422 words of font info for 42 fonts, out of 8000000 for 9000
 1141 hyphenation exceptions out of 8191
 32i,11n,45p,1046b,319s stack positions out of 5000i,500n,10000p,200000b,80000s
{/usr/local/texlive/2018/texmf-dist/fonts/enc/dvips/lm/lm-ec.enc}</usr/local/
texlive/2018/texmf-dist/fonts/type1/public/lm/lmro10.pfb></usr/local/texlive/20
18/texmf-dist/fonts/type1/public/lm/lmss10.pfb></usr/local/texlive/2018/texmf-d
ist/fonts/type1/public/lm/lmss12.pfb></usr/local/texlive/2018/texmf-dist/fonts/
type1/public/lm/lmss17.pfb></usr/local/texlive/2018/texmf-dist/fonts/type1/publ
ic/lm/lmssbx10.pfb></usr/local/texlive/2018/texmf-dist/fonts/type1/public/lm/lm
sso10.pfb></usr/local/texlive/2018/texmf-dist/fonts/type1/public/lm/lmsso12.pfb
></usr/local/texlive/2018/texmf-dist/fonts/type1/public/lm/lmsso17.pfb></usr/lo
cal/texlive/2018/texmf-dist/fonts/type1/public/lm/lmsso9.pfb></usr/local/texliv
e/2018/texmf-dist/fonts/type1/public/marvosym/marvosym.pfb>
Output written on jefferson.mendonca_2.pdf (4 pages, 222524 bytes).
PDF statistics:
 114 PDF objects out of 1000 (max. 8388607)
 96 compressed objects within 1 object stream
 14 named destinations out of 1000 (max. 500000)
 78 words of extra memory for PDF output out of 10000 (max. 10000000)

